mode: set
github.com/pb33f/libopenapi/bundler/bundler.go:38.96,40.16 2 1
github.com/pb33f/libopenapi/bundler/bundler.go:40.16,42.3 1 1
github.com/pb33f/libopenapi/bundler/bundler.go:44.2,45.18 2 1
github.com/pb33f/libopenapi/bundler/bundler.go:45.18,47.3 1 1
github.com/pb33f/libopenapi/bundler/bundler.go:49.2,50.42 2 1
github.com/pb33f/libopenapi/bundler/bundler.go:58.148,60.16 2 1
github.com/pb33f/libopenapi/bundler/bundler.go:60.16,62.3 1 1
github.com/pb33f/libopenapi/bundler/bundler.go:64.2,65.32 2 1
github.com/pb33f/libopenapi/bundler/bundler.go:65.32,67.3 1 1
github.com/pb33f/libopenapi/bundler/bundler.go:69.2,70.42 2 1
github.com/pb33f/libopenapi/bundler/bundler.go:82.57,84.2 1 1
github.com/pb33f/libopenapi/bundler/bundler.go:91.140,93.16 2 1
github.com/pb33f/libopenapi/bundler/bundler.go:93.16,95.3 1 1
github.com/pb33f/libopenapi/bundler/bundler.go:97.2,98.18 2 1
github.com/pb33f/libopenapi/bundler/bundler.go:98.18,100.3 1 1
github.com/pb33f/libopenapi/bundler/bundler.go:102.2,103.42 2 1
github.com/pb33f/libopenapi/bundler/bundler.go:111.101,113.2 1 1
github.com/pb33f/libopenapi/bundler/bundler.go:138.109,140.2 1 1
github.com/pb33f/libopenapi/bundler/bundler.go:142.94,143.30 1 1
github.com/pb33f/libopenapi/bundler/bundler.go:143.30,147.3 1 1
github.com/pb33f/libopenapi/bundler/bundler.go:147.8,148.40 1 1
github.com/pb33f/libopenapi/bundler/bundler.go:148.40,150.4 1 1
github.com/pb33f/libopenapi/bundler/bundler.go:151.3,152.55 1 1
github.com/pb33f/libopenapi/bundler/bundler.go:152.55,154.4 1 1
github.com/pb33f/libopenapi/bundler/bundler.go:155.3,155.57 1 1
github.com/pb33f/libopenapi/bundler/bundler.go:155.57,157.4 1 1
github.com/pb33f/libopenapi/bundler/bundler.go:160.2,160.42 1 1
github.com/pb33f/libopenapi/bundler/bundler.go:160.42,162.3 1 1
github.com/pb33f/libopenapi/bundler/bundler.go:164.2,178.40 5 1
github.com/pb33f/libopenapi/bundler/bundler.go:178.40,180.3 1 1
github.com/pb33f/libopenapi/bundler/bundler.go:182.2,184.45 3 1
github.com/pb33f/libopenapi/bundler/bundler.go:184.45,188.3 3 1
github.com/pb33f/libopenapi/bundler/bundler.go:190.2,190.59 1 1
github.com/pb33f/libopenapi/bundler/bundler.go:190.59,191.56 1 1
github.com/pb33f/libopenapi/bundler/bundler.go:191.56,193.4 1 1
github.com/pb33f/libopenapi/bundler/bundler.go:194.3,194.11 1 1
github.com/pb33f/libopenapi/bundler/bundler.go:197.2,200.30 3 1
github.com/pb33f/libopenapi/bundler/bundler.go:200.30,202.3 1 1
github.com/pb33f/libopenapi/bundler/bundler.go:204.2,208.39 3 1
github.com/pb33f/libopenapi/bundler/bundler.go:208.39,209.26 1 1
github.com/pb33f/libopenapi/bundler/bundler.go:209.26,213.21 2 1
github.com/pb33f/libopenapi/bundler/bundler.go:213.21,214.21 1 1
github.com/pb33f/libopenapi/bundler/bundler.go:214.21,215.71 1 1
github.com/pb33f/libopenapi/bundler/bundler.go:215.71,218.7 1 1
github.com/pb33f/libopenapi/bundler/bundler.go:219.6,222.23 3 1
github.com/pb33f/libopenapi/bundler/bundler.go:222.23,224.7 1 1
github.com/pb33f/libopenapi/bundler/bundler.go:225.6,225.14 1 1
github.com/pb33f/libopenapi/bundler/bundler.go:229.3,231.20 2 1
github.com/pb33f/libopenapi/bundler/bundler.go:231.20,233.4 1 1
github.com/pb33f/libopenapi/bundler/bundler.go:238.2,239.33 2 1
github.com/pb33f/libopenapi/bundler/bundler.go:239.33,240.58 1 1
github.com/pb33f/libopenapi/bundler/bundler.go:240.58,241.68 1 1
github.com/pb33f/libopenapi/bundler/bundler.go:241.68,243.31 1 1
github.com/pb33f/libopenapi/bundler/bundler.go:243.31,245.57 1 1
github.com/pb33f/libopenapi/bundler/bundler.go:245.57,247.32 1 1
github.com/pb33f/libopenapi/bundler/bundler.go:247.32,249.13 2 1
github.com/pb33f/libopenapi/bundler/bundler.go:257.2,260.32 3 1
github.com/pb33f/libopenapi/bundler/bundler.go:263.87,269.26 3 1
github.com/pb33f/libopenapi/bundler/bundler.go:269.26,276.63 2 1
github.com/pb33f/libopenapi/bundler/bundler.go:276.63,278.4 1 1
github.com/pb33f/libopenapi/bundler/bundler.go:283.3,283.38 1 1
github.com/pb33f/libopenapi/bundler/bundler.go:290.2,290.29 1 1
github.com/pb33f/libopenapi/bundler/bundler.go:304.58,305.42 1 1
github.com/pb33f/libopenapi/bundler/bundler.go:305.42,307.3 1 1
github.com/pb33f/libopenapi/bundler/bundler.go:309.2,314.43 5 1
github.com/pb33f/libopenapi/bundler/bundler.go:314.43,315.44 1 1
github.com/pb33f/libopenapi/bundler/bundler.go:315.44,316.12 1 0
github.com/pb33f/libopenapi/bundler/bundler.go:319.3,321.28 3 1
github.com/pb33f/libopenapi/bundler/bundler.go:321.28,323.4 1 1
github.com/pb33f/libopenapi/bundler/bundler.go:325.3,325.47 1 1
github.com/pb33f/libopenapi/bundler/bundler.go:325.47,329.60 3 1
github.com/pb33f/libopenapi/bundler/bundler.go:329.60,337.5 1 1
github.com/pb33f/libopenapi/bundler/bundler.go:341.2,341.32 1 1
github.com/pb33f/libopenapi/bundler/bundler.go:341.32,343.3 1 1
github.com/pb33f/libopenapi/bundler/bundler.go:345.2,345.29 1 1
github.com/pb33f/libopenapi/bundler/bundler.go:345.29,347.3 1 1
github.com/pb33f/libopenapi/bundler/bundler.go:349.2,350.80 2 1
github.com/pb33f/libopenapi/bundler/bundler.go:350.80,352.3 1 1
github.com/pb33f/libopenapi/bundler/bundler.go:354.2,354.45 1 1
github.com/pb33f/libopenapi/bundler/bundler.go:354.45,356.3 1 1
github.com/pb33f/libopenapi/bundler/bundler.go:359.81,360.17 1 1
github.com/pb33f/libopenapi/bundler/bundler.go:360.17,362.3 1 1
github.com/pb33f/libopenapi/bundler/bundler.go:364.2,364.19 1 1
github.com/pb33f/libopenapi/bundler/bundler.go:365.24,366.47 1 1
github.com/pb33f/libopenapi/bundler/bundler.go:366.47,367.39 1 1
github.com/pb33f/libopenapi/bundler/bundler.go:367.39,368.48 1 1
github.com/pb33f/libopenapi/bundler/bundler.go:368.48,370.6 1 1
github.com/pb33f/libopenapi/bundler/bundler.go:372.4,372.63 1 1
github.com/pb33f/libopenapi/bundler/bundler.go:372.63,374.5 1 1
github.com/pb33f/libopenapi/bundler/bundler.go:376.44,377.38 1 1
github.com/pb33f/libopenapi/bundler/bundler.go:377.38,378.51 1 1
github.com/pb33f/libopenapi/bundler/bundler.go:378.51,380.5 1 1
github.com/pb33f/libopenapi/bundler/bundler.go:383.2,383.14 1 1
github.com/pb33f/libopenapi/bundler/bundler.go:388.59,389.42 1 1
github.com/pb33f/libopenapi/bundler/bundler.go:389.42,391.3 1 1
github.com/pb33f/libopenapi/bundler/bundler.go:393.2,398.31 4 1
github.com/pb33f/libopenapi/bundler/bundler.go:398.31,400.3 1 1
github.com/pb33f/libopenapi/bundler/bundler.go:404.2,404.29 1 1
github.com/pb33f/libopenapi/bundler/bundler.go:404.29,406.3 1 0
github.com/pb33f/libopenapi/bundler/bundler.go:409.2,410.80 2 1
github.com/pb33f/libopenapi/bundler/bundler.go:410.80,412.3 1 1
github.com/pb33f/libopenapi/bundler/bundler.go:417.2,418.44 2 1
github.com/pb33f/libopenapi/bundler/bundler.go:418.44,428.27 3 1
github.com/pb33f/libopenapi/bundler/bundler.go:428.27,431.39 3 1
github.com/pb33f/libopenapi/bundler/bundler.go:431.39,434.19 2 1
github.com/pb33f/libopenapi/bundler/bundler.go:434.19,443.78 4 1
github.com/pb33f/libopenapi/bundler/bundler.go:443.78,445.7 1 1
github.com/pb33f/libopenapi/bundler/bundler.go:452.2,452.53 1 1
github.com/pb33f/libopenapi/bundler/bundler.go:457.113,465.43 4 1
github.com/pb33f/libopenapi/bundler/bundler.go:465.43,467.3 1 1
github.com/pb33f/libopenapi/bundler/bundler.go:470.2,471.43 2 1
github.com/pb33f/libopenapi/bundler/bundler.go:471.43,473.3 1 1
github.com/pb33f/libopenapi/bundler/bundler.go:475.2,478.30 2 1
github.com/pb33f/libopenapi/bundler/bundler.go:478.30,486.27 4 1
github.com/pb33f/libopenapi/bundler/bundler.go:486.27,487.12 1 1
github.com/pb33f/libopenapi/bundler/bundler.go:492.3,508.5 5 1
github.com/pb33f/libopenapi/bundler/bundler.go:511.2,511.15 1 1
github.com/pb33f/libopenapi/bundler/bundler.go:517.117,524.30 3 1
github.com/pb33f/libopenapi/bundler/bundler.go:524.30,526.3 1 1
github.com/pb33f/libopenapi/bundler/bundler.go:529.2,534.58 3 1
github.com/pb33f/libopenapi/bundler/bundler.go:539.106,549.31 6 1
github.com/pb33f/libopenapi/bundler/bundler.go:549.31,551.3 1 1
github.com/pb33f/libopenapi/bundler/bundler.go:554.2,554.20 1 1
github.com/pb33f/libopenapi/bundler/bundler.go:554.20,556.32 2 1
github.com/pb33f/libopenapi/bundler/bundler.go:556.32,558.4 1 1
github.com/pb33f/libopenapi/bundler/bundler.go:564.91,565.26 1 1
github.com/pb33f/libopenapi/bundler/bundler.go:565.26,567.3 1 1
github.com/pb33f/libopenapi/bundler/bundler.go:570.2,573.43 2 1
github.com/pb33f/libopenapi/bundler/bundler.go:573.43,575.50 2 1
github.com/pb33f/libopenapi/bundler/bundler.go:575.50,577.4 1 1
github.com/pb33f/libopenapi/bundler/bundler.go:581.2,582.33 2 1
github.com/pb33f/libopenapi/bundler/bundler.go:582.33,584.3 1 1
github.com/pb33f/libopenapi/bundler/bundler.go:588.71,589.14 1 1
github.com/pb33f/libopenapi/bundler/bundler.go:589.14,591.3 1 1
github.com/pb33f/libopenapi/bundler/bundler.go:593.2,593.55 1 1
github.com/pb33f/libopenapi/bundler/bundler.go:593.55,595.3 1 1
github.com/pb33f/libopenapi/bundler/bundler.go:597.2,597.16 1 1
github.com/pb33f/libopenapi/bundler/bundler.go:598.25,599.31 1 1
github.com/pb33f/libopenapi/bundler/bundler.go:599.31,601.4 1 1
github.com/pb33f/libopenapi/bundler/bundler.go:602.3,602.9 1 1
github.com/pb33f/libopenapi/bundler/bundler.go:603.24,603.24 0 1
github.com/pb33f/libopenapi/bundler/bundler.go:604.10,605.9 1 1
github.com/pb33f/libopenapi/bundler/bundler.go:608.2,612.41 3 1
github.com/pb33f/libopenapi/bundler/bundler.go:612.41,614.18 2 1
github.com/pb33f/libopenapi/bundler/bundler.go:615.24,616.27 1 1
github.com/pb33f/libopenapi/bundler/bundler.go:617.16,618.17 1 1
github.com/pb33f/libopenapi/bundler/bundler.go:619.16,620.17 1 1
github.com/pb33f/libopenapi/bundler/bundler.go:625.2,625.22 1 1
github.com/pb33f/libopenapi/bundler/bundler.go:625.22,628.3 2 1
github.com/pb33f/libopenapi/bundler/bundler.go:631.2,631.41 1 1
github.com/pb33f/libopenapi/bundler/bundler.go:631.41,633.3 1 1
github.com/pb33f/libopenapi/bundler/bundler.go:637.68,638.49 1 1
github.com/pb33f/libopenapi/bundler/bundler.go:638.49,640.3 1 1
github.com/pb33f/libopenapi/bundler/bundler.go:641.2,641.35 1 1
github.com/pb33f/libopenapi/bundler/bundler.go:641.35,642.36 1 1
github.com/pb33f/libopenapi/bundler/bundler.go:642.36,643.12 1 1
github.com/pb33f/libopenapi/bundler/bundler.go:645.3,645.45 1 1
github.com/pb33f/libopenapi/bundler/bundler.go:645.45,647.54 2 1
github.com/pb33f/libopenapi/bundler/bundler.go:647.54,648.46 1 1
github.com/pb33f/libopenapi/bundler/bundler.go:648.46,650.6 1 1
github.com/pb33f/libopenapi/bundler/bundler.go:656.104,657.55 1 1
github.com/pb33f/libopenapi/bundler/bundler.go:657.55,659.3 1 1
github.com/pb33f/libopenapi/bundler/bundler.go:661.2,661.16 1 1
github.com/pb33f/libopenapi/bundler/bundler.go:662.25,663.31 1 1
github.com/pb33f/libopenapi/bundler/bundler.go:663.31,665.4 1 1
github.com/pb33f/libopenapi/bundler/bundler.go:666.3,666.9 1 1
github.com/pb33f/libopenapi/bundler/bundler.go:667.24,667.24 0 1
github.com/pb33f/libopenapi/bundler/bundler.go:668.10,669.9 1 1
github.com/pb33f/libopenapi/bundler/bundler.go:672.2,674.41 2 1
github.com/pb33f/libopenapi/bundler/bundler.go:674.41,676.18 2 1
github.com/pb33f/libopenapi/bundler/bundler.go:677.24,678.21 1 1
github.com/pb33f/libopenapi/bundler/bundler.go:679.16,680.13 1 1
github.com/pb33f/libopenapi/bundler/bundler.go:681.16,682.13 1 1
github.com/pb33f/libopenapi/bundler/bundler.go:684.3,684.52 1 1
github.com/pb33f/libopenapi/bundler/bundler.go:687.2,687.26 1 1
github.com/pb33f/libopenapi/bundler/bundler.go:687.26,691.3 3 1
github.com/pb33f/libopenapi/bundler/bundler.go:694.111,695.48 1 1
github.com/pb33f/libopenapi/bundler/bundler.go:695.48,697.3 1 1
github.com/pb33f/libopenapi/bundler/bundler.go:699.2,699.57 1 1
github.com/pb33f/libopenapi/bundler/bundler.go:699.57,700.54 1 1
github.com/pb33f/libopenapi/bundler/bundler.go:700.54,703.53 2 1
github.com/pb33f/libopenapi/bundler/bundler.go:703.53,706.73 2 1
github.com/pb33f/libopenapi/bundler/bundler.go:706.73,709.6 2 1
github.com/pb33f/libopenapi/bundler/bundler.go:715.86,716.49 1 1
github.com/pb33f/libopenapi/bundler/bundler.go:716.49,718.3 1 1
github.com/pb33f/libopenapi/bundler/bundler.go:719.2,719.35 1 1
github.com/pb33f/libopenapi/bundler/bundler.go:719.35,720.36 1 1
github.com/pb33f/libopenapi/bundler/bundler.go:720.36,721.12 1 1
github.com/pb33f/libopenapi/bundler/bundler.go:723.3,723.45 1 1
github.com/pb33f/libopenapi/bundler/bundler.go:723.45,725.54 2 1
github.com/pb33f/libopenapi/bundler/bundler.go:725.54,726.13 1 1
github.com/pb33f/libopenapi/bundler/bundler.go:728.4,728.71 1 1
github.com/pb33f/libopenapi/bundler/bundler.go:728.71,731.5 2 1
github.com/pb33f/libopenapi/bundler/bundler.go:737.76,741.43 3 1
github.com/pb33f/libopenapi/bundler/bundler.go:741.43,743.3 1 1
github.com/pb33f/libopenapi/bundler/bundler.go:745.2,745.21 1 1
github.com/pb33f/libopenapi/bundler/bundler.go:749.112,750.55 1 1
github.com/pb33f/libopenapi/bundler/bundler.go:750.55,752.3 1 1
github.com/pb33f/libopenapi/bundler/bundler.go:754.2,754.16 1 1
github.com/pb33f/libopenapi/bundler/bundler.go:755.25,756.31 1 1
github.com/pb33f/libopenapi/bundler/bundler.go:756.31,758.4 1 1
github.com/pb33f/libopenapi/bundler/bundler.go:759.3,759.9 1 1
github.com/pb33f/libopenapi/bundler/bundler.go:760.24,760.24 0 1
github.com/pb33f/libopenapi/bundler/bundler.go:761.10,762.9 1 1
github.com/pb33f/libopenapi/bundler/bundler.go:765.2,767.41 2 1
github.com/pb33f/libopenapi/bundler/bundler.go:767.41,769.18 2 1
github.com/pb33f/libopenapi/bundler/bundler.go:770.24,771.21 1 1
github.com/pb33f/libopenapi/bundler/bundler.go:773.3,773.66 1 1
github.com/pb33f/libopenapi/bundler/bundler.go:776.2,776.68 1 1
github.com/pb33f/libopenapi/bundler/bundler.go:776.68,777.54 1 1
github.com/pb33f/libopenapi/bundler/bundler.go:777.54,778.51 1 1
github.com/pb33f/libopenapi/bundler/bundler.go:778.51,780.54 2 1
github.com/pb33f/libopenapi/bundler/bundler.go:780.54,782.6 1 1
github.com/pb33f/libopenapi/bundler/bundler.go:789.146,790.43 1 1
github.com/pb33f/libopenapi/bundler/bundler.go:790.43,793.45 2 1
github.com/pb33f/libopenapi/bundler/bundler.go:793.45,794.12 1 1
github.com/pb33f/libopenapi/bundler/bundler.go:797.3,800.95 2 1
github.com/pb33f/libopenapi/bundler/bundler.go:800.95,802.4 1 1
github.com/pb33f/libopenapi/bundler/bundler.go:802.9,804.45 1 1
github.com/pb33f/libopenapi/bundler/bundler.go:804.45,805.78 1 1
github.com/pb33f/libopenapi/bundler/bundler.go:805.78,807.11 2 1
github.com/pb33f/libopenapi/bundler/bundler.go:812.3,812.25 1 1
github.com/pb33f/libopenapi/bundler/bundler.go:812.25,814.31 2 1
github.com/pb33f/libopenapi/bundler/bundler.go:814.31,816.5 1 1
github.com/pb33f/libopenapi/bundler/bundler_composer.go:43.46,48.48 4 1
github.com/pb33f/libopenapi/bundler/bundler_composer.go:48.48,54.36 2 1
github.com/pb33f/libopenapi/bundler/bundler_composer.go:54.36,56.49 2 1
github.com/pb33f/libopenapi/bundler/bundler_composer.go:56.49,58.5 1 1
github.com/pb33f/libopenapi/bundler/bundler_composer.go:59.4,60.87 1 1
github.com/pb33f/libopenapi/bundler/bundler_composer.go:64.3,69.31 3 1
github.com/pb33f/libopenapi/bundler/bundler_composer.go:69.31,70.44 1 1
github.com/pb33f/libopenapi/bundler/bundler_composer.go:70.44,72.60 2 1
github.com/pb33f/libopenapi/bundler/bundler_composer.go:72.60,76.19 3 1
github.com/pb33f/libopenapi/bundler/bundler_composer.go:76.19,79.12 2 1
github.com/pb33f/libopenapi/bundler/bundler_composer.go:85.3,85.57 1 1
github.com/pb33f/libopenapi/bundler/bundler_composer.go:85.57,86.12 1 1
github.com/pb33f/libopenapi/bundler/bundler_composer.go:88.3,88.50 1 1
github.com/pb33f/libopenapi/bundler/bundler_composer.go:88.50,90.75 1 1
github.com/pb33f/libopenapi/bundler/bundler_composer.go:90.75,97.5 1 1
github.com/pb33f/libopenapi/bundler/bundler_composer.go:98.4,98.67 1 1
github.com/pb33f/libopenapi/bundler/bundler_composer.go:98.67,101.5 2 1
github.com/pb33f/libopenapi/bundler/bundler_composer.go:105.2,105.39 1 1
github.com/pb33f/libopenapi/bundler/bundler_composer.go:105.39,107.40 2 1
github.com/pb33f/libopenapi/bundler/bundler_composer.go:107.40,109.4 1 1
github.com/pb33f/libopenapi/bundler/bundler_composer.go:111.2,111.12 1 1
github.com/pb33f/libopenapi/bundler/bundler_composer.go:134.40,136.2 1 1
github.com/pb33f/libopenapi/bundler/bundler_composer.go:140.88,147.29 5 1
github.com/pb33f/libopenapi/bundler/bundler_composer.go:147.29,149.3 1 1
github.com/pb33f/libopenapi/bundler/bundler_composer.go:149.8,151.17 2 1
github.com/pb33f/libopenapi/bundler/bundler_composer.go:151.17,153.4 1 1
github.com/pb33f/libopenapi/bundler/bundler_composer.go:154.3,154.32 1 1
github.com/pb33f/libopenapi/bundler/bundler_composer.go:157.2,158.51 2 1
github.com/pb33f/libopenapi/bundler/bundler_composer.go:158.51,163.3 2 1
github.com/pb33f/libopenapi/bundler/bundler_composer.go:163.8,168.68 2 1
github.com/pb33f/libopenapi/bundler/bundler_composer.go:168.68,170.22 1 1
github.com/pb33f/libopenapi/bundler/bundler_composer.go:171.28,172.83 1 1
github.com/pb33f/libopenapi/bundler/bundler_composer.go:173.30,174.87 1 1
github.com/pb33f/libopenapi/bundler/bundler_composer.go:175.31,176.89 1 1
github.com/pb33f/libopenapi/bundler/bundler_composer.go:177.28,178.83 1 1
github.com/pb33f/libopenapi/bundler/bundler_composer.go:179.34,180.95 1 1
github.com/pb33f/libopenapi/bundler/bundler_composer.go:181.29,182.85 1 1
github.com/pb33f/libopenapi/bundler/bundler_composer.go:183.26,184.79 1 1
github.com/pb33f/libopenapi/bundler/bundler_composer.go:185.30,186.87 1 1
github.com/pb33f/libopenapi/bundler/bundler_composer.go:187.30,188.87 1 1
github.com/pb33f/libopenapi/bundler/bundler_composer.go:190.9,193.4 1 1
github.com/pb33f/libopenapi/bundler/bundler_composer.go:196.2,196.66 1 1
github.com/pb33f/libopenapi/bundler/bundler_composer.go:196.66,197.44 1 1
github.com/pb33f/libopenapi/bundler/bundler_composer.go:197.44,199.4 1 1
github.com/pb33f/libopenapi/bundler/bundler_composer.go:201.3,201.61 1 1
github.com/pb33f/libopenapi/bundler/bundler_composer.go:204.2,204.23 1 1
github.com/pb33f/libopenapi/bundler/bundler_composer.go:204.23,206.43 2 1
github.com/pb33f/libopenapi/bundler/bundler_composer.go:206.43,207.25 1 1
github.com/pb33f/libopenapi/bundler/bundler_composer.go:207.25,208.24 1 1
github.com/pb33f/libopenapi/bundler/bundler_composer.go:209.29,210.27 1 1
github.com/pb33f/libopenapi/bundler/bundler_composer.go:210.27,212.36 2 1
github.com/pb33f/libopenapi/bundler/bundler_composer.go:212.36,215.8 1 1
github.com/pb33f/libopenapi/bundler/bundler_composer.go:218.31,219.27 1 1
github.com/pb33f/libopenapi/bundler/bundler_composer.go:219.27,221.38 2 1
github.com/pb33f/libopenapi/bundler/bundler_composer.go:221.38,224.8 1 1
github.com/pb33f/libopenapi/bundler/bundler_composer.go:227.32,228.27 1 1
github.com/pb33f/libopenapi/bundler/bundler_composer.go:228.27,230.39 2 1
github.com/pb33f/libopenapi/bundler/bundler_composer.go:230.39,233.8 1 1
github.com/pb33f/libopenapi/bundler/bundler_composer.go:236.29,237.27 1 1
github.com/pb33f/libopenapi/bundler/bundler_composer.go:237.27,239.36 2 1
github.com/pb33f/libopenapi/bundler/bundler_composer.go:239.36,242.8 1 1
github.com/pb33f/libopenapi/bundler/bundler_composer.go:245.35,246.27 1 1
github.com/pb33f/libopenapi/bundler/bundler_composer.go:246.27,248.42 2 1
github.com/pb33f/libopenapi/bundler/bundler_composer.go:248.42,251.8 1 1
github.com/pb33f/libopenapi/bundler/bundler_composer.go:253.30,254.27 1 1
github.com/pb33f/libopenapi/bundler/bundler_composer.go:254.27,256.37 2 1
github.com/pb33f/libopenapi/bundler/bundler_composer.go:256.37,259.8 1 1
github.com/pb33f/libopenapi/bundler/bundler_composer.go:262.27,263.27 1 1
github.com/pb33f/libopenapi/bundler/bundler_composer.go:263.27,265.34 2 1
github.com/pb33f/libopenapi/bundler/bundler_composer.go:265.34,268.8 1 1
github.com/pb33f/libopenapi/bundler/bundler_composer.go:271.31,272.27 1 1
github.com/pb33f/libopenapi/bundler/bundler_composer.go:272.27,274.38 2 1
github.com/pb33f/libopenapi/bundler/bundler_composer.go:274.38,277.8 1 1
github.com/pb33f/libopenapi/bundler/bundler_composer.go:280.31,281.27 1 1
github.com/pb33f/libopenapi/bundler/bundler_composer.go:281.27,283.38 2 1
github.com/pb33f/libopenapi/bundler/bundler_composer.go:283.38,286.8 1 1
github.com/pb33f/libopenapi/bundler/bundler_composer.go:290.9,292.47 1 1
github.com/pb33f/libopenapi/bundler/bundler_composer.go:292.47,296.68 2 1
github.com/pb33f/libopenapi/bundler/bundler_composer.go:296.68,298.6 1 1
github.com/pb33f/libopenapi/bundler/bundler_composer.go:300.5,300.45 1 1
github.com/pb33f/libopenapi/bundler/bundler_composer.go:300.45,303.6 2 1
github.com/pb33f/libopenapi/bundler/bundler_composer.go:306.5,306.40 1 1
github.com/pb33f/libopenapi/bundler/bundler_composer.go:306.40,309.6 2 1
github.com/pb33f/libopenapi/bundler/bundler_composer.go:311.5,311.70 1 1
github.com/pb33f/libopenapi/bundler/bundler_composer.go:311.70,312.24 1 1
github.com/pb33f/libopenapi/bundler/bundler_composer.go:313.30,314.36 1 1
github.com/pb33f/libopenapi/bundler/bundler_composer.go:314.36,318.8 3 1
github.com/pb33f/libopenapi/bundler/bundler_composer.go:319.32,320.38 1 1
github.com/pb33f/libopenapi/bundler/bundler_composer.go:320.38,324.8 3 1
github.com/pb33f/libopenapi/bundler/bundler_composer.go:325.33,326.39 1 1
github.com/pb33f/libopenapi/bundler/bundler_composer.go:326.39,330.8 3 1
github.com/pb33f/libopenapi/bundler/bundler_composer.go:331.30,332.36 1 1
github.com/pb33f/libopenapi/bundler/bundler_composer.go:332.36,336.8 3 1
github.com/pb33f/libopenapi/bundler/bundler_composer.go:337.36,338.42 1 1
github.com/pb33f/libopenapi/bundler/bundler_composer.go:338.42,342.8 3 1
github.com/pb33f/libopenapi/bundler/bundler_composer.go:343.31,344.37 1 1
github.com/pb33f/libopenapi/bundler/bundler_composer.go:344.37,348.8 3 1
github.com/pb33f/libopenapi/bundler/bundler_composer.go:349.28,350.34 1 1
github.com/pb33f/libopenapi/bundler/bundler_composer.go:350.34,354.8 3 1
github.com/pb33f/libopenapi/bundler/bundler_composer.go:355.32,356.38 1 1
github.com/pb33f/libopenapi/bundler/bundler_composer.go:356.38,360.8 3 1
github.com/pb33f/libopenapi/bundler/bundler_composer.go:361.32,362.38 1 1
github.com/pb33f/libopenapi/bundler/bundler_composer.go:362.38,366.8 3 1
github.com/pb33f/libopenapi/bundler/bundler_composer.go:371.4,371.19 1 1
github.com/pb33f/libopenapi/bundler/bundler_composer.go:373.8,375.3 1 1
github.com/pb33f/libopenapi/bundler/bundler_composer.go:376.2,376.12 1 1
github.com/pb33f/libopenapi/bundler/composer_functions.go:26.84,28.27 2 1
github.com/pb33f/libopenapi/bundler/composer_functions.go:28.27,32.28 2 1
github.com/pb33f/libopenapi/bundler/composer_functions.go:32.28,34.30 1 1
github.com/pb33f/libopenapi/bundler/composer_functions.go:34.30,36.5 1 1
github.com/pb33f/libopenapi/bundler/composer_functions.go:37.4,37.30 1 1
github.com/pb33f/libopenapi/bundler/composer_functions.go:37.30,42.5 4 1
github.com/pb33f/libopenapi/bundler/composer_functions.go:44.9,53.4 4 1
github.com/pb33f/libopenapi/bundler/composer_functions.go:57.2,58.23 2 1
github.com/pb33f/libopenapi/bundler/composer_functions.go:58.23,59.32 1 1
github.com/pb33f/libopenapi/bundler/composer_functions.go:59.32,65.29 3 1
github.com/pb33f/libopenapi/bundler/composer_functions.go:65.29,66.39 1 1
github.com/pb33f/libopenapi/bundler/composer_functions.go:66.39,68.6 1 1
github.com/pb33f/libopenapi/bundler/composer_functions.go:69.10,71.5 1 1
github.com/pb33f/libopenapi/bundler/composer_functions.go:72.9,74.4 1 1
github.com/pb33f/libopenapi/bundler/composer_functions.go:76.2,76.13 1 1
github.com/pb33f/libopenapi/bundler/composer_functions.go:85.9,88.16 2 1
github.com/pb33f/libopenapi/bundler/composer_functions.go:88.16,90.3 1 1
github.com/pb33f/libopenapi/bundler/composer_functions.go:93.2,93.57 1 1
github.com/pb33f/libopenapi/bundler/composer_functions.go:93.57,96.3 2 1
github.com/pb33f/libopenapi/bundler/composer_functions.go:96.8,98.3 1 1
github.com/pb33f/libopenapi/bundler/composer_functions.go:100.2,100.12 1 1
github.com/pb33f/libopenapi/bundler/composer_functions.go:103.36,106.2 2 1
github.com/pb33f/libopenapi/bundler/composer_functions.go:108.125,112.19 4 1
github.com/pb33f/libopenapi/bundler/composer_functions.go:112.19,115.65 3 1
github.com/pb33f/libopenapi/bundler/composer_functions.go:115.65,117.4 1 1
github.com/pb33f/libopenapi/bundler/composer_functions.go:120.2,121.19 2 1
github.com/pb33f/libopenapi/bundler/composer_functions.go:124.124,130.2 5 1
github.com/pb33f/libopenapi/bundler/composer_functions.go:132.127,133.65 1 1
github.com/pb33f/libopenapi/bundler/composer_functions.go:133.65,135.3 1 1
github.com/pb33f/libopenapi/bundler/composer_functions.go:136.2,136.19 1 1
github.com/pb33f/libopenapi/bundler/composer_functions.go:139.92,141.32 2 1
github.com/pb33f/libopenapi/bundler/composer_functions.go:141.32,143.3 1 1
github.com/pb33f/libopenapi/bundler/composer_functions.go:145.2,147.30 2 1
github.com/pb33f/libopenapi/bundler/composer_functions.go:147.30,152.3 4 1
github.com/pb33f/libopenapi/bundler/composer_functions.go:157.48,158.35 1 1
github.com/pb33f/libopenapi/bundler/composer_functions.go:158.35,160.3 1 1
github.com/pb33f/libopenapi/bundler/composer_functions.go:161.2,163.10 3 1
github.com/pb33f/libopenapi/bundler/composer_functions.go:168.58,170.31 2 1
github.com/pb33f/libopenapi/bundler/composer_functions.go:170.31,172.3 1 1
github.com/pb33f/libopenapi/bundler/composer_functions.go:173.2,173.35 1 1
github.com/pb33f/libopenapi/bundler/composer_functions.go:176.110,177.33 1 1
github.com/pb33f/libopenapi/bundler/composer_functions.go:177.33,179.25 2 1
github.com/pb33f/libopenapi/bundler/composer_functions.go:179.25,181.4 1 1
github.com/pb33f/libopenapi/bundler/composer_functions.go:182.3,184.20 3 1
github.com/pb33f/libopenapi/bundler/composer_functions.go:184.20,186.78 1 1
github.com/pb33f/libopenapi/bundler/composer_functions.go:186.78,188.5 1 1
github.com/pb33f/libopenapi/bundler/composer_functions.go:189.4,189.14 1 1
github.com/pb33f/libopenapi/bundler/composer_functions.go:191.3,194.53 2 1
github.com/pb33f/libopenapi/bundler/composer_functions.go:194.53,196.4 1 1
github.com/pb33f/libopenapi/bundler/composer_functions.go:198.3,198.17 1 1
github.com/pb33f/libopenapi/bundler/composer_functions.go:198.17,199.67 1 1
github.com/pb33f/libopenapi/bundler/composer_functions.go:199.67,201.5 1 1
github.com/pb33f/libopenapi/bundler/composer_functions.go:205.3,205.59 1 1
github.com/pb33f/libopenapi/bundler/composer_functions.go:209.2,209.76 1 1
github.com/pb33f/libopenapi/bundler/composer_functions.go:209.76,211.3 1 1
github.com/pb33f/libopenapi/bundler/composer_functions.go:213.2,213.12 1 1
github.com/pb33f/libopenapi/bundler/composer_functions.go:216.129,220.56 2 1
github.com/pb33f/libopenapi/bundler/composer_functions.go:220.56,221.56 1 1
github.com/pb33f/libopenapi/bundler/composer_functions.go:221.56,222.27 1 1
github.com/pb33f/libopenapi/bundler/composer_functions.go:222.27,224.5 1 1
github.com/pb33f/libopenapi/bundler/composer_functions.go:228.2,229.11 2 1
github.com/pb33f/libopenapi/bundler/composer_functions.go:229.11,231.42 1 1
github.com/pb33f/libopenapi/bundler/composer_functions.go:231.42,233.4 1 1
github.com/pb33f/libopenapi/bundler/composer_functions.go:234.3,235.26 2 1
github.com/pb33f/libopenapi/bundler/composer_functions.go:236.8,239.3 2 1
github.com/pb33f/libopenapi/bundler/composer_functions.go:242.68,243.16 1 1
github.com/pb33f/libopenapi/bundler/composer_functions.go:243.16,245.3 1 1
github.com/pb33f/libopenapi/bundler/composer_functions.go:246.2,250.37 5 1
github.com/pb33f/libopenapi/bundler/composer_functions.go:253.84,254.17 1 1
github.com/pb33f/libopenapi/bundler/composer_functions.go:254.17,256.3 1 1
github.com/pb33f/libopenapi/bundler/composer_functions.go:257.2,266.29 9 1
github.com/pb33f/libopenapi/bundler/composer_functions.go:269.81,275.2 5 1
github.com/pb33f/libopenapi/bundler/composer_functions.go:277.83,283.2 5 1
github.com/pb33f/libopenapi/bundler/composer_functions.go:285.77,291.2 5 1
github.com/pb33f/libopenapi/bundler/composer_functions.go:293.87,299.2 5 1
github.com/pb33f/libopenapi/bundler/composer_functions.go:301.81,307.2 5 1
github.com/pb33f/libopenapi/bundler/composer_functions.go:309.73,315.2 5 1
github.com/pb33f/libopenapi/bundler/composer_functions.go:317.81,323.2 5 1
github.com/pb33f/libopenapi/bundler/composer_functions.go:325.81,331.2 5 1
github.com/pb33f/libopenapi/bundler/detect_type.go:16.65,17.17 1 1
github.com/pb33f/libopenapi/bundler/detect_type.go:17.17,19.3 1 1
github.com/pb33f/libopenapi/bundler/detect_type.go:23.2,23.34 1 1
github.com/pb33f/libopenapi/bundler/detect_type.go:23.34,25.3 1 1
github.com/pb33f/libopenapi/bundler/detect_type.go:27.2,27.33 1 1
github.com/pb33f/libopenapi/bundler/detect_type.go:27.33,29.3 1 1
github.com/pb33f/libopenapi/bundler/detect_type.go:31.2,31.32 1 1
github.com/pb33f/libopenapi/bundler/detect_type.go:31.32,33.3 1 1
github.com/pb33f/libopenapi/bundler/detect_type.go:35.2,35.29 1 1
github.com/pb33f/libopenapi/bundler/detect_type.go:35.29,37.3 1 1
github.com/pb33f/libopenapi/bundler/detect_type.go:39.2,39.33 1 1
github.com/pb33f/libopenapi/bundler/detect_type.go:39.33,41.3 1 1
github.com/pb33f/libopenapi/bundler/detect_type.go:43.2,43.33 1 1
github.com/pb33f/libopenapi/bundler/detect_type.go:43.33,45.3 1 1
github.com/pb33f/libopenapi/bundler/detect_type.go:47.2,47.36 1 1
github.com/pb33f/libopenapi/bundler/detect_type.go:47.36,49.3 1 1
github.com/pb33f/libopenapi/bundler/detect_type.go:51.2,51.31 1 1
github.com/pb33f/libopenapi/bundler/detect_type.go:51.31,53.3 1 1
github.com/pb33f/libopenapi/bundler/detect_type.go:55.2,55.31 1 1
github.com/pb33f/libopenapi/bundler/detect_type.go:55.31,57.3 1 1
github.com/pb33f/libopenapi/bundler/detect_type.go:59.2,59.18 1 1
github.com/pb33f/libopenapi/bundler/detect_type.go:62.48,70.45 3 1
github.com/pb33f/libopenapi/bundler/detect_type.go:70.45,71.35 1 1
github.com/pb33f/libopenapi/bundler/detect_type.go:71.35,73.4 1 1
github.com/pb33f/libopenapi/bundler/detect_type.go:75.2,75.14 1 1
github.com/pb33f/libopenapi/bundler/detect_type.go:78.50,85.2 2 1
github.com/pb33f/libopenapi/bundler/detect_type.go:87.51,91.2 2 1
github.com/pb33f/libopenapi/bundler/detect_type.go:93.53,97.2 2 1
github.com/pb33f/libopenapi/bundler/detect_type.go:99.48,106.2 2 1
github.com/pb33f/libopenapi/bundler/detect_type.go:108.49,112.2 2 1
github.com/pb33f/libopenapi/bundler/detect_type.go:114.46,118.2 2 1
github.com/pb33f/libopenapi/bundler/detect_type.go:120.50,123.60 1 1
github.com/pb33f/libopenapi/bundler/detect_type.go:123.60,125.3 1 1
github.com/pb33f/libopenapi/bundler/detect_type.go:128.2,128.44 1 1
github.com/pb33f/libopenapi/bundler/detect_type.go:128.44,129.52 1 1
github.com/pb33f/libopenapi/bundler/detect_type.go:129.52,131.4 1 1
github.com/pb33f/libopenapi/bundler/detect_type.go:133.2,133.14 1 1
github.com/pb33f/libopenapi/bundler/detect_type.go:136.50,141.37 3 1
github.com/pb33f/libopenapi/bundler/detect_type.go:141.37,142.32 1 1
github.com/pb33f/libopenapi/bundler/detect_type.go:142.32,144.4 1 1
github.com/pb33f/libopenapi/bundler/detect_type.go:148.2,148.46 1 1
github.com/pb33f/libopenapi/bundler/detect_type.go:152.44,153.35 1 1
github.com/pb33f/libopenapi/bundler/detect_type.go:153.35,155.3 1 1
github.com/pb33f/libopenapi/bundler/detect_type.go:157.2,158.44 2 1
github.com/pb33f/libopenapi/bundler/detect_type.go:158.44,159.28 1 1
github.com/pb33f/libopenapi/bundler/detect_type.go:159.28,161.4 1 1
github.com/pb33f/libopenapi/bundler/detect_type.go:163.2,163.13 1 1
github.com/pb33f/libopenapi/bundler/detect_type.go:167.50,168.25 1 1
github.com/pb33f/libopenapi/bundler/detect_type.go:168.25,169.15 1 1
github.com/pb33f/libopenapi/bundler/detect_type.go:169.15,171.4 1 1
github.com/pb33f/libopenapi/bundler/detect_type.go:173.2,173.14 1 1
github.com/pb33f/libopenapi/bundler/detect_type.go:177.61,178.35 1 1
github.com/pb33f/libopenapi/bundler/detect_type.go:178.35,180.3 1 1
github.com/pb33f/libopenapi/bundler/detect_type.go:182.2,182.44 1 1
github.com/pb33f/libopenapi/bundler/detect_type.go:182.44,183.62 1 1
github.com/pb33f/libopenapi/bundler/detect_type.go:183.62,185.4 1 1
github.com/pb33f/libopenapi/bundler/detect_type.go:187.2,187.11 1 1
github.com/pb33f/libopenapi/bundler/extension_refs.go:21.51,22.20 1 1
github.com/pb33f/libopenapi/bundler/extension_refs.go:22.20,24.3 1 1
github.com/pb33f/libopenapi/bundler/extension_refs.go:27.2,30.43 2 1
github.com/pb33f/libopenapi/bundler/extension_refs.go:30.43,32.3 1 1
github.com/pb33f/libopenapi/bundler/extension_refs.go:35.82,36.16 1 1
github.com/pb33f/libopenapi/bundler/extension_refs.go:36.16,38.3 1 1
github.com/pb33f/libopenapi/bundler/extension_refs.go:40.2,43.36 3 1
github.com/pb33f/libopenapi/bundler/extension_refs.go:43.36,45.66 1 1
github.com/pb33f/libopenapi/bundler/extension_refs.go:45.66,46.12 1 1
github.com/pb33f/libopenapi/bundler/extension_refs.go:50.3,51.29 2 1
github.com/pb33f/libopenapi/bundler/extension_refs.go:51.29,53.4 1 1
github.com/pb33f/libopenapi/bundler/extension_refs.go:57.105,62.22 1 1
github.com/pb33f/libopenapi/bundler/extension_refs.go:62.22,64.46 2 1
github.com/pb33f/libopenapi/bundler/extension_refs.go:64.46,67.4 1 1
github.com/pb33f/libopenapi/bundler/extension_refs.go:69.2,69.12 1 1
github.com/pb33f/libopenapi/bundler/extension_refs.go:73.47,74.17 1 1
github.com/pb33f/libopenapi/bundler/extension_refs.go:74.17,76.3 1 1
github.com/pb33f/libopenapi/bundler/extension_refs.go:79.2,79.61 1 1
github.com/pb33f/libopenapi/bundler/extension_refs.go:79.61,81.3 1 1
github.com/pb33f/libopenapi/bundler/extension_refs.go:84.2,99.27 2 1
github.com/pb33f/libopenapi/bundler/extension_refs.go:99.27,101.38 2 1
github.com/pb33f/libopenapi/bundler/extension_refs.go:101.38,103.4 1 1
github.com/pb33f/libopenapi/bundler/extension_refs.go:106.2,106.17 1 1
github.com/pb33f/libopenapi/bundler/extension_refs.go:109.61,110.38 1 1
github.com/pb33f/libopenapi/bundler/extension_refs.go:110.38,112.3 1 1
github.com/pb33f/libopenapi/bundler/extension_refs.go:115.2,124.43 10 1
